{"meta": {"format": 3, "version": "7.12.0", "timestamp": "2026-03-04T14:02:57.938455", "branch_coverage": false, "show_contexts": false}, "files": {"src\\tools\\__init__.py": {"executed_lines": [1, 3, 6], "summary": {"covered_lines": 2, "num_statements": 2, "percent_covered": 100.0, "percent_covered_display": "100", "missing_lines": 0, "excluded_lines": 0, "percent_statements_covered": 100.0, "percent_statements_covered_display": "100"}, "missing_lines": [], "excluded_lines": [], "functions": {"": {"executed_lines": [1, 3, 6], "summary": {"covered_lines": 2, "num_statements": 2, "percent_covered": 100.0, "percent_covered_display": "100", "missing_lines": 0, "excluded_lines": 0, "percent_statements_covered": 100.0, "percent_statements_covered_display": "100"}, "missing_lines": [], "excluded_lines": []}}, "classes": {"": {"executed_lines": [1, 3, 6], "summary": {"covered_lines": 2, "num_statements": 2, "percent_covered": 100.0, "percent_covered_display": "100", "missing_lines": 0, "excluded_lines": 0, "percent_statements_covered": 100.0, "percent_statements_covered_display": "100"}, "missing_lines": [], "excluded_lines": []}}}, "src\\tools\\config_loader.py": {"executed_lines": [1, 7, 8, 9, 11, 13, 15, 17, 20, 29, 42, 44, 46, 49, 51, 52, 56, 57, 59, 60, 62, 63, 66, 67, 68, 69, 70, 71, 78, 80, 81, 83, 86, 97, 99, 101, 103, 105, 106, 107, 109], "summary": {"covered_lines": 40, "num_statements": 44, "percent_covered": 90.9090909090909, "percent_covered_display": "91", "missing_lines": 4, "excluded_lines": 0, "percent_statements_covered": 90.9090909090909, "percent_statements_covered_display": "91"}, "missing_lines": [54, 74, 75, 76], "excluded_lines": [], "functions": {"validate_tools_config": {"executed_lines": [42, 44, 46, 49, 51, 52, 56, 57, 59, 60, 62, 63, 66, 67, 68, 69, 70, 71, 78, 80, 81, 83], "summary": {"covered_lines": 22, "num_statements": 26, "percent_covered": 84.61538461538461, "percent_covered_display": "85", "missing_lines": 4, "excluded_lines": 0, "percent_statements_covered": 84.61538461538461, "percent_statements_covered_display": "85"}, "missing_lines": [54, 74, 75, 76], "excluded_lines": []}, "load_tools_config": {"executed_lines": [97, 99, 101, 103, 105, 106, 107, 109], "summary": {"covered_lines": 8, "num_statements": 8, "percent_covered": 100.0, "percent_covered_display": "100", "missing_lines": 0, "excluded_lines": 0, "percent_statements_covered": 100.0, "percent_statements_covered_display": "100"}, "missing_lines": [], "excluded_lines": []}, "": {"executed_lines": [1, 7, 8, 9, 11, 13, 15, 17, 20, 29, 86], "summary": {"covered_lines": 10, "num_statements": 10, "percent_covered": 100.0, "percent_covered_display": "100", "missing_lines": 0, "excluded_lines": 0, "percent_statements_covered": 100.0, "percent_statements_covered_display": "100"}, "missing_lines": [], "excluded_lines": []}}, "classes": {"": {"executed_lines": [1, 7, 8, 9, 11, 13, 15, 17, 20, 29, 42, 44, 46, 49, 51, 52, 56, 57, 59, 60, 62, 63, 66, 67, 68, 69, 70, 71, 78, 80, 81, 83, 86, 97, 99, 101, 103, 105, 106, 107, 109], "summary": {"covered_lines": 40, "num_statements": 44, "percent_covered": 90.9090909090909, "percent_covered_display": "91", "missing_lines": 4, "excluded_lines": 0, "percent_statements_covered": 90.9090909090909, "percent_statements_covered_display": "91"}, "missing_lines": [54, 74, 75, 76], "excluded_lines": []}}}, "src\\tools\\dependency_utils.py": {"executed_lines": [1, 3, 4, 5, 7, 10, 19, 21, 22, 24, 25, 28, 29, 31, 34, 35, 36, 37, 38, 40, 43, 52, 54, 56, 57, 59, 61, 69, 70, 71, 72, 73, 75, 81, 82, 84, 85, 87], "summary": {"covered_lines": 37, "num_statements": 42, "percent_covered": 88.0952380952381, "percent_covered_display": "88", "missing_lines": 5, "excluded_lines": 0, "percent_statements_covered": 88.0952380952381, "percent_statements_covered_display": "88"}, "missing_lines": [30, 32, 89, 90, 91], "excluded_lines": [], "functions": {"check_dependencies": {"executed_lines": [19, 21, 22, 24, 25, 28, 29, 31, 34, 35, 36, 37, 38, 40], "summary": {"covered_lines": 14, "num_statements": 16, "percent_covered": 87.5, "percent_covered_display": "88", "missing_lines": 2, "excluded_lines": 0, "percent_statements_covered": 87.5, "percent_statements_covered_display": "88"}, "missing_lines": [30, 32], "excluded_lines": []}, "install_packages": {"executed_lines": [52, 54, 56, 57, 59, 61, 69, 70, 71, 72, 73, 75, 81, 82, 84, 85, 87], "summary": {"covered_lines": 17, "num_statements": 20, "percent_covered": 85.0, "percent_covered_display": "85", "missing_lines": 3, "excluded_lines": 0, "percent_statements_covered": 85.0, "percent_statements_covered_display": "85"}, "missing_lines": [89, 90, 91], "excluded_lines": []}, "": {"executed_lines": [1, 3, 4, 5, 7, 10, 43], "summary": {"covered_lines": 6, "num_statements": 6, "percent_covered": 100.0, "percent_covered_display": "100", "missing_lines": 0, "excluded_lines": 0, "percent_statements_covered": 100.0, "percent_statements_covered_display": "100"}, "missing_lines": [], "excluded_lines": []}}, "classes": {"": {"executed_lines": [1, 3, 4, 5, 7, 10, 19, 21, 22, 24, 25, 28, 29, 31, 34, 35, 36, 37, 38, 40, 43, 52, 54, 56, 57, 59, 61, 69, 70, 71, 72, 73, 75, 81, 82, 84, 85, 87], "summary": {"covered_lines": 37, "num_statements": 42, "percent_covered": 88.0952380952381, "percent_covered_display": "88", "missing_lines": 5, "excluded_lines": 0, "percent_statements_covered": 88.0952380952381, "percent_statements_covered_display": "88"}, "missing_lines": [30, 32, 89, 90, 91], "excluded_lines": []}}}, "src\\tools\\folder_tools\\folder_tool\\folder_tool_constants.py": {"executed_lines": [1, 9, 10, 11, 12, 14, 19, 24, 28, 32, 36, 40, 48, 54, 58, 62, 66, 69, 72, 73, 80, 84, 88, 92, 100, 103, 106, 109, 112, 117, 121, 125, 129, 132, 138, 149, 153, 157, 164, 168, 172, 177, 184, 191, 197, 201, 205, 211, 218, 224, 227, 232, 238, 274, 280, 281, 291, 303, 304, 306, 314, 315, 316, 317, 318, 319, 321, 322, 323, 325, 326], "summary": {"covered_lines": 70, "num_statements": 87, "percent_covered": 80.45977011494253, "percent_covered_display": "80", "missing_lines": 17, "excluded_lines": 0, "percent_statements_covered": 80.45977011494253, "percent_statements_covered_display": "80"}, "missing_lines": [150, 154, 158, 165, 169, 173, 178, 185, 192, 198, 202, 206, 219, 228, 328, 329, 330], "excluded_lines": [], "functions": {"validate_constants": {"executed_lines": [149, 153, 157, 164, 168, 172, 177, 184, 191, 197, 201, 205, 211, 218, 224, 227, 232], "summary": {"covered_lines": 17, "num_statements": 31, "percent_covered": 54.83870967741935, "percent_covered_display": "55", "missing_lines": 14, "excluded_lines": 0, "percent_statements_covered": 54.83870967741935, "percent_statements_covered_display": "55"}, "missing_lines": [150, 154, 158, 165, 169, 173, 178, 185, 192, 198, 202, 206, 219, 228], "excluded_lines": []}, "get_constants_info": {"executed_lines": [280, 281], "summary": {"covered_lines": 2, "num_statements": 2, "percent_covered": 100.0, "percent_covered_display": "100", "missing_lines": 0, "excluded_lines": 0, "percent_statements_covered": 100.0, "percent_statements_covered_display": "100"}, "missing_lines": [], "excluded_lines": []}, "export_constants_documentation": {"executed_lines": [303, 304, 306, 314, 315, 316, 317, 318, 319, 321, 322, 323, 325, 326], "summary": {"covered_lines": 14, "num_statements": 17, "percent_covered": 82.3529411764706, "percent_covered_display": "82", "missing_lines": 3, "excluded_lines": 0, "percent_statements_covered": 82.3529411764706, "percent_statements_covered_display": "82"}, "missing_lines": [328, 329, 330], "excluded_lines": []}, "": {"executed_lines": [1, 9, 10, 11, 12, 14, 19, 24, 28, 32, 36, 40, 48, 54, 58, 62, 66, 69, 72, 73, 80, 84, 88, 92, 100, 103, 106, 109, 112, 117, 121, 125, 129, 132, 138, 238, 274, 291], "summary": {"covered_lines": 37, "num_statements": 37, "percent_covered": 100.0, "percent_covered_display": "100", "missing_lines": 0, "excluded_lines": 0, "percent_statements_covered": 100.0, "percent_statements_covered_display": "100"}, "missing_lines": [], "excluded_lines": []}}, "classes": {"": {"executed_lines": [1, 9, 10, 11, 12, 14, 19, 24, 28, 32, 36, 40, 48, 54, 58, 62, 66, 69, 72, 73, 80, 84, 88, 92, 100, 103, 106, 109, 112, 117, 121, 125, 129, 132, 138, 149, 153, 157, 164, 168, 172, 177, 184, 191, 197, 201, 205, 211, 218, 224, 227, 232, 238, 274, 280, 281, 291, 303, 304, 306, 314, 315, 316, 317, 318, 319, 321, 322, 323, 325, 326], "summary": {"covered_lines": 70, "num_statements": 87, "percent_covered": 80.45977011494253, "percent_covered_display": "80", "missing_lines": 17, "excluded_lines": 0, "percent_statements_covered": 80.45977011494253, "percent_statements_covered_display": "80"}, "missing_lines": [150, 154, 158, 165, 169, 173, 178, 185, 192, 198, 202, 206, 219, 228, 328, 329, 330], "excluded_lines": []}}}, "src\\tools\\gui\\__init__.py": {"executed_lines": [], "summary": {"covered_lines": 0, "num_statements": 0, "percent_covered": 100.0, "percent_covered_display": "100", "missing_lines": 0, "excluded_lines": 0, "percent_statements_covered": 100.0, "percent_statements_covered_display": "100"}, "missing_lines": [], "excluded_lines": [], "functions": {"": {"executed_lines": [], "summary": {"covered_lines": 0, "num_statements": 0, "percent_covered": 100.0, "percent_covered_display": "100", "missing_lines": 0, "excluded_lines": 0, "percent_statements_covered": 100.0, "percent_statements_covered_display": "100"}, "missing_lines": [], "excluded_lines": []}}, "classes": {"": {"executed_lines": [], "summary": {"covered_lines": 0, "num_statements": 0, "percent_covered": 100.0, "percent_covered_display": "100", "missing_lines": 0, "excluded_lines": 0, "percent_statements_covered": 100.0, "percent_statements_covered_display": "100"}, "missing_lines": [], "excluded_lines": []}}}, "src\\tools\\icon_utils.py": {"executed_lines": [1, 3, 5, 6, 7, 9, 12, 14, 18, 19, 21, 22, 24, 25, 26, 27, 29, 30, 34, 35, 37, 38, 50, 53, 56, 58, 61, 63, 66, 75, 76, 77, 88, 100, 104, 107, 108, 111, 124, 125, 127, 128, 130, 131, 133, 134, 135, 136, 138, 140, 141, 143, 144, 146, 153, 154, 155, 156, 157, 158], "summary": {"covered_lines": 57, "num_statements": 83, "percent_covered": 68.67469879518072, "percent_covered_display": "69", "missing_lines": 26, "excluded_lines": 2, "percent_statements_covered": 68.67469879518072, "percent_statements_covered_display": "69"}, "missing_lines": [31, 32, 40, 42, 43, 44, 46, 78, 79, 80, 82, 83, 84, 85, 160, 161, 162, 163, 164, 165, 166, 167, 168, 169, 170, 171], "excluded_lines": [9, 10], "functions": {"_PILState._try_import": {"executed_lines": [26, 27, 29, 30], "summary": {"covered_lines": 4, "num_statements": 6, "percent_covered": 66.66666666666667, "percent_covered_display": "67", "missing_lines": 2, "excluded_lines": 0, "percent_statements_covered": 66.66666666666667, "percent_statements_covered_display": "67"}, "missing_lines": [31, 32], "excluded_lines": []}, "_PILState.ensure_installed": {"executed_lines": [37, 38], "summary": {"covered_lines": 2, "num_statements": 7, "percent_covered": 28.571428571428573, "percent_covered_display": "29", "missing_lines": 5, "excluded_lines": 0, "percent_statements_covered": 28.571428571428573, "percent_statements_covered_display": "29"}, "missing_lines": [40, 42, 43, 44, 46], "excluded_lines": []}, "check_pil_installed": {"executed_lines": [58], "summary": {"covered_lines": 1, "num_statements": 1, "percent_covered": 100.0, "percent_covered_display": "100", "missing_lines": 0, "excluded_lines": 0, "percent_statements_covered": 100.0, "percent_statements_covered_display": "100"}, "missing_lines": [], "excluded_lines": []}, "ensure_pil_installed": {"executed_lines": [63], "summary": {"covered_lines": 1, "num_statements": 1, "percent_covered": 100.0, "percent_covered_display": "100", "missing_lines": 0, "excluded_lines": 0, "percent_statements_covered": 100.0, "percent_statements_covered_display": "100"}, "missing_lines": [], "excluded_lines": []}, "convert_image_mode": {"executed_lines": [75, 76, 77], "summary": {"covered_lines": 3, "num_statements": 10, "percent_covered": 30.0, "percent_covered_display": "30", "missing_lines": 7, "excluded_lines": 0, "percent_statements_covered": 30.0, "percent_statements_covered_display": "30"}, "missing_lines": [78, 79, 80, 82, 83, 84, 85], "excluded_lines": []}, "create_resized_images": {"executed_lines": [100, 104, 107, 108], "summary": {"covered_lines": 4, "num_statements": 4, "percent_covered": 100.0, "percent_covered_display": "100", "missing_lines": 0, "excluded_lines": 0, "percent_statements_covered": 100.0, "percent_statements_covered_display": "100"}, "missing_lines": [], "excluded_lines": []}, "convert_png_to_ico": {"executed_lines": [124, 125, 127, 128, 130, 131, 133, 134, 135, 136, 138, 140, 141, 143, 144, 146, 153, 154, 155, 156, 157, 158], "summary": {"covered_lines": 22, "num_statements": 34, "percent_covered": 64.70588235294117, "percent_covered_display": "65", "missing_lines": 12, "excluded_lines": 0, "percent_statements_covered": 64.70588235294117, "percent_statements_covered_display": "65"}, "missing_lines": [160, 161, 162, 163, 164, 165, 166, 167, 168, 169, 170, 171], "excluded_lines": []}, "": {"executed_lines": [1, 3, 5, 6, 7, 9, 12, 14, 18, 19, 21, 22, 24, 25, 34, 35, 50, 53, 56, 61, 66, 88, 111], "summary": {"covered_lines": 20, "num_statements": 20, "percent_covered": 100.0, "percent_covered_display": "100", "missing_lines": 0, "excluded_lines": 2, "percent_statements_covered": 100.0, "percent_statements_covered_display": "100"}, "missing_lines": [], "excluded_lines": [9, 10]}}, "classes": {"_PILState": {"executed_lines": [26, 27, 29, 30, 37, 38], "summary": {"covered_lines": 6, "num_statements": 13, "percent_covered": 46.15384615384615, "percent_covered_display": "46", "missing_lines": 7, "excluded_lines": 0, "percent_statements_covered": 46.15384615384615, "percent_statements_covered_display": "46"}, "missing_lines": [31, 32, 40, 42, 43, 44, 46], "excluded_lines": []}, "": {"executed_lines": [1, 3, 5, 6, 7, 9, 12, 14, 18, 19, 21, 22, 24, 25, 34, 35, 50, 53, 56, 58, 61, 63, 66, 75, 76, 77, 88, 100, 104, 107, 108, 111, 124, 125, 127, 128, 130, 131, 133, 134, 135, 136, 138, 140, 141, 143, 144, 146, 153, 154, 155, 156, 157, 158], "summary": {"covered_lines": 51, "num_statements": 70, "percent_covered": 72.85714285714286, "percent_covered_display": "73", "missing_lines": 19, "excluded_lines": 2, "percent_statements_covered": 72.85714285714286, "percent_statements_covered_display": "73"}, "missing_lines": [78, 79, 80, 82, 83, 84, 85, 160, 161, 162, 163, 164, 165, 166, 167, 168, 169, 170, 171], "excluded_lines": [9, 10]}}}, "src\\tools\\launch_utils.py": {"executed_lines": [1, 3, 4, 5, 6, 7, 8, 9, 11, 14, 19, 20, 22, 39, 40, 43, 44, 47, 48, 51, 52, 55, 70, 73, 74, 76, 77, 82, 83, 88, 89, 90, 91, 93, 94, 96, 97, 99, 102, 109, 110, 113, 114, 116, 117, 118, 119, 126, 127, 130, 132, 143, 147, 152, 158, 159, 165, 172, 173, 176, 177, 179, 180, 181, 183, 184, 193, 194, 195, 196, 197, 198, 205, 212, 213, 216, 217, 219, 220, 221, 222, 224, 225, 233, 234, 235, 236, 237, 238, 245, 249, 250, 251, 252, 253, 254, 259, 266, 267, 270, 271, 272, 274, 275, 277, 278, 284, 285, 292, 310, 311, 313, 314, 315, 317, 318, 320, 322, 323, 324, 326, 328, 329, 330, 332, 342], "summary": {"covered_lines": 121, "num_statements": 172, "percent_covered": 70.34883720930233, "percent_covered_display": "70", "missing_lines": 51, "excluded_lines": 0, "percent_statements_covered": 70.34883720930233, "percent_statements_covered_display": "70"}, "missing_lines": [23, 25, 26, 27, 30, 31, 32, 33, 34, 35, 78, 79, 84, 85, 133, 134, 135, 136, 137, 138, 139, 141, 144, 148, 161, 162, 190, 191, 200, 201, 202, 231, 232, 240, 241, 242, 255, 256, 286, 287, 289, 325, 327, 331, 333, 334, 335, 336, 338, 339, 340], "excluded_lines": [], "functions": {"get_repo_root": {"executed_lines": [19, 20, 22], "summary": {"covered_lines": 3, "num_statements": 13, "percent_covered": 23.076923076923077, "percent_covered_display": "23", "missing_lines": 10, "excluded_lines": 0, "percent_statements_covered": 23.076923076923077, "percent_statements_covered_display": "23"}, "missing_lines": [23, 25, 26, 27, 30, 31, 32, 33, 34, 35], "excluded_lines": []}, "validate_and_sanitize_path": {"executed_lines": [70, 73, 74, 76, 77, 82, 83, 88, 89, 90, 91, 93, 94, 96, 97, 99], "summary": {"covered_lines": 16, "num_statements": 20, "percent_covered": 80.0, "percent_covered_display": "80", "missing_lines": 4, "excluded_lines": 0, "percent_statements_covered": 80.0, "percent_statements_covered_display": "80"}, "missing_lines": [78, 79, 84, 85], "excluded_lines": []}, "launch_python_tool": {"executed_lines": [109, 110, 113, 114, 116, 117, 118, 119, 126, 127, 130, 132, 143, 147, 152, 158, 159], "summary": {"covered_lines": 17, "num_statements": 21, "percent_covered": 80.95238095238095, "percent_covered_display": "81", "missing_lines": 4, "excluded_lines": 0, "percent_statements_covered": 80.95238095238095, "percent_statements_covered_display": "81"}, "missing_lines": [144, 148, 161, 162], "excluded_lines": []}, "launch_python_tool.read_stream": {"executed_lines": [], "summary": {"covered_lines": 0, "num_statements": 8, "percent_covered": 0.0, "percent_covered_display": "0", "missing_lines": 8, "excluded_lines": 0, "percent_statements_covered": 0.0, "percent_statements_covered_display": "0"}, "missing_lines": [133, 134, 135, 136, 137, 138, 139, 141], "excluded_lines": []}, "launch_matlab_tool": {"executed_lines": [172, 173, 176, 177, 179, 180, 181, 183, 184, 193, 194, 195, 196, 197, 198], "summary": {"covered_lines": 15, "num_statements": 20, "percent_covered": 75.0, "percent_covered_display": "75", "missing_lines": 5, "excluded_lines": 0, "percent_statements_covered": 75.0, "percent_statements_covered_display": "75"}, "missing_lines": [190, 191, 200, 201, 202], "excluded_lines": []}, "launch_octave_tool": {"executed_lines": [212, 213, 216, 217, 219, 220, 221, 222, 224, 225, 233, 234, 235, 236, 237, 238], "summary": {"covered_lines": 16, "num_statements": 21, "percent_covered": 76.19047619047619, "percent_covered_display": "76", "missing_lines": 5, "excluded_lines": 0, "percent_statements_covered": 76.19047619047619, "percent_statements_covered_display": "76"}, "missing_lines": [231, 232, 240, 241, 242], "excluded_lines": []}, "launch_browser_tool": {"executed_lines": [249, 250, 251, 252, 253, 254], "summary": {"covered_lines": 6, "num_statements": 8, "percent_covered": 75.0, "percent_covered_display": "75", "missing_lines": 2, "excluded_lines": 0, "percent_statements_covered": 75.0, "percent_statements_covered_display": "75"}, "missing_lines": [255, 256], "excluded_lines": []}, "launch_batch_tool": {"executed_lines": [266, 267, 270, 271, 272, 274, 275, 277, 278, 284, 285], "summary": {"covered_lines": 11, "num_statements": 14, "percent_covered": 78.57142857142857, "percent_covered_display": "79", "missing_lines": 3, "excluded_lines": 0, "percent_statements_covered": 78.57142857142857, "percent_statements_covered_display": "79"}, "missing_lines": [286, 287, 289], "excluded_lines": []}, "launch_tool": {"executed_lines": [310, 311, 313, 314, 315, 317, 318, 320, 322, 323, 324, 326, 328, 329, 330, 332, 342], "summary": {"covered_lines": 17, "num_statements": 27, "percent_covered": 62.96296296296296, "percent_covered_display": "63", "missing_lines": 10, "excluded_lines": 0, "percent_statements_covered": 62.96296296296296, "percent_statements_covered_display": "63"}, "missing_lines": [325, 327, 331, 333, 334, 335, 336, 338, 339, 340], "excluded_lines": []}, "": {"executed_lines": [1, 3, 4, 5, 6, 7, 8, 9, 11, 14, 39, 40, 43, 44, 47, 48, 51, 52, 55, 102, 165, 205, 245, 259, 292], "summary": {"covered_lines": 20, "num_statements": 20, "percent_covered": 100.0, "percent_covered_display": "100", "missing_lines": 0, "excluded_lines": 0, "percent_statements_covered": 100.0, "percent_statements_covered_display": "100"}, "missing_lines": [], "excluded_lines": []}}, "classes": {"LaunchError": {"executed_lines": [], "summary": {"covered_lines": 0, "num_statements": 0, "percent_covered": 100.0, "percent_covered_display": "100", "missing_lines": 0, "excluded_lines": 0, "percent_statements_covered": 100.0, "percent_statements_covered_display": "100"}, "missing_lines": [], "excluded_lines": []}, "ToolNotFoundError": {"executed_lines": [], "summary": {"covered_lines": 0, "num_statements": 0, "percent_covered": 100.0, "percent_covered_display": "100", "missing_lines": 0, "excluded_lines": 0, "percent_statements_covered": 100.0, "percent_statements_covered_display": "100"}, "missing_lines": [], "excluded_lines": []}, "SecurityError": {"executed_lines": [], "summary": {"covered_lines": 0, "num_statements": 0, "percent_covered": 100.0, "percent_covered_display": "100", "missing_lines": 0, "excluded_lines": 0, "percent_statements_covered": 100.0, "percent_statements_covered_display": "100"}, "missing_lines": [], "excluded_lines": []}, "PlatformError": {"executed_lines": [], "summary": {"covered_lines": 0, "num_statements": 0, "percent_covered": 100.0, "percent_covered_display": "100", "missing_lines": 0, "excluded_lines": 0, "percent_statements_covered": 100.0, "percent_statements_covered_display": "100"}, "missing_lines": [], "excluded_lines": []}, "": {"executed_lines": [1, 3, 4, 5, 6, 7, 8, 9, 11, 14, 19, 20, 22, 39, 40, 43, 44, 47, 48, 51, 52, 55, 70, 73, 74, 76, 77, 82, 83, 88, 89, 90, 91, 93, 94, 96, 97, 99, 102, 109, 110, 113, 114, 116, 117, 118, 119, 126, 127, 130, 132, 143, 147, 152, 158, 159, 165, 172, 173, 176, 177, 179, 180, 181, 183, 184, 193, 194, 195, 196, 197, 198, 205, 212, 213, 216, 217, 219, 220, 221, 222, 224, 225, 233, 234, 235, 236, 237, 238, 245, 249, 250, 251, 252, 253, 254, 259, 266, 267, 270, 271, 272, 274, 275, 277, 278, 284, 285, 292, 310, 311, 313, 314, 315, 317, 318, 320, 322, 323, 324, 326, 328, 329, 330, 332, 342], "summary": {"covered_lines": 121, "num_statements": 172, "percent_covered": 70.34883720930233, "percent_covered_display": "70", "missing_lines": 51, "excluded_lines": 0, "percent_statements_covered": 70.34883720930233, "percent_statements_covered_display": "70"}, "missing_lines": [23, 25, 26, 27, 30, 31, 32, 33, 34, 35, 78, 79, 84, 85, 133, 134, 135, 136, 137, 138, 139, 141, 144, 148, 161, 162, 190, 191, 200, 201, 202, 231, 232, 240, 241, 242, 255, 256, 286, 287, 289, 325, 327, 331, 333, 334, 335, 336, 338, 339, 340], "excluded_lines": []}}}, "src\\tools\\logger.py": {"executed_lines": [], "summary": {"covered_lines": 0, "num_statements": 4, "percent_covered": 0.0, "percent_covered_display": "0", "missing_lines": 4, "excluded_lines": 0, "percent_statements_covered": 0.0, "percent_statements_covered_display": "0"}, "missing_lines": [7, 10, 18, 24], "excluded_lines": [], "functions": {"": {"executed_lines": [], "summary": {"covered_lines": 0, "num_statements": 4, "percent_covered": 0.0, "percent_covered_display": "0", "missing_lines": 4, "excluded_lines": 0, "percent_statements_covered": 0.0, "percent_statements_covered_display": "0"}, "missing_lines": [7, 10, 18, 24], "excluded_lines": []}}, "classes": {"": {"executed_lines": [], "summary": {"covered_lines": 0, "num_statements": 4, "percent_covered": 0.0, "percent_covered_display": "0", "missing_lines": 4, "excluded_lines": 0, "percent_statements_covered": 0.0, "percent_statements_covered_display": "0"}, "missing_lines": [7, 10, 18, 24], "excluded_lines": []}}}, "src\\tools\\matlab_quality_utils.py": {"executed_lines": [1, 3, 4, 5, 6, 7, 8, 9, 10, 11, 13, 16, 19, 23, 26, 27, 30, 31, 33, 35, 36, 40, 41, 42, 51, 53, 54, 58, 60, 61, 63, 64, 65, 67, 68, 70, 72, 73, 74, 75, 78, 90, 141, 143, 145, 146, 148, 149, 151, 152, 153, 155, 156, 157, 159, 167, 169, 171, 172, 173, 175, 176, 178, 179, 180, 183, 185, 186, 192, 193, 200, 207, 208, 210, 216, 223, 236, 238, 239, 245, 250, 251, 252, 254, 255, 256, 257, 258, 260, 262, 263, 270, 271, 272, 276, 277, 278, 279, 280, 281, 282, 283, 284, 285, 287, 288, 292, 293, 294, 295, 296, 297, 298, 299, 301, 302, 307, 308, 315, 316, 317, 318, 329, 330, 331, 335, 343, 365, 366, 367, 371, 374, 380, 410, 423, 432, 433, 435, 436, 437, 443, 444, 445, 446, 447, 453, 454, 462, 463, 464, 465, 466, 468, 473, 477, 478, 481, 482, 485, 486, 489, 490, 494, 496, 498, 499, 500, 501, 503, 505, 512, 513, 514, 519, 520, 525, 528], "summary": {"covered_lines": 166, "num_statements": 221, "percent_covered": 75.1131221719457, "percent_covered_display": "75", "missing_lines": 55, "excluded_lines": 14, "percent_statements_covered": 75.1131221719457, "percent_statements_covered_display": "75"}, "missing_lines": [80, 81, 82, 83, 84, 86, 87, 88, 92, 93, 105, 106, 107, 108, 117, 118, 125, 129, 131, 132, 134, 135, 137, 138, 139, 150, 181, 231, 232, 507, 510, 530, 531, 532, 538, 545, 547, 548, 550, 551, 553, 554, 556, 557, 558, 559, 560, 564, 566, 567, 568, 569, 571, 574, 582], "excluded_lines": [42, 119, 157, 159, 343, 499, 500, 506, 513, 514, 519, 561, 573, 576], "functions": {"MATLABQualityChecker.__init__": {"executed_lines": [35, 36, 40, 41, 42], "summary": {"covered_lines": 4, "num_statements": 4, "percent_covered": 100.0, "percent_covered_display": "100", "missing_lines": 0, "excluded_lines": 1, "percent_statements_covered": 100.0, "percent_statements_covered_display": "100"}, "missing_lines": [], "excluded_lines": [42]}, "MATLABQualityChecker.check_matlab_files_exist": {"executed_lines": [53, 54, 58, 60, 61, 63, 64, 65, 67, 68], "summary": {"covered_lines": 10, "num_statements": 10, "percent_covered": 100.0, "percent_covered_display": "100", "missing_lines": 0, "excluded_lines": 0, "percent_statements_covered": 100.0, "percent_statements_covered_display": "100"}, "missing_lines": [], "excluded_lines": []}, "MATLABQualityChecker.run_matlab_quality_checks": {"executed_lines": [72, 73, 74, 75, 78], "summary": {"covered_lines": 5, "num_statements": 13, "percent_covered": 38.46153846153846, "percent_covered_display": "38", "missing_lines": 8, "excluded_lines": 0, "percent_statements_covered": 38.46153846153846, "percent_statements_covered_display": "38"}, "missing_lines": [80, 81, 82, 83, 84, 86, 87, 88], "excluded_lines": []}, "MATLABQualityChecker._run_matlab_script": {"executed_lines": [], "summary": {"covered_lines": 0, "num_statements": 17, "percent_covered": 0.0, "percent_covered_display": "0", "missing_lines": 17, "excluded_lines": 1, "percent_statements_covered": 0.0, "percent_statements_covered_display": "0"}, "missing_lines": [92, 93, 105, 106, 107, 108, 117, 118, 125, 129, 131, 132, 134, 135, 137, 138, 139], "excluded_lines": [119]}, "MATLABQualityChecker._static_matlab_analysis": {"executed_lines": [143, 145, 146, 148, 149, 151, 152, 153, 155, 156, 157, 159], "summary": {"covered_lines": 10, "num_statements": 11, "percent_covered": 90.9090909090909, "percent_covered_display": "91", "missing_lines": 1, "excluded_lines": 2, "percent_statements_covered": 90.9090909090909, "percent_statements_covered_display": "91"}, "missing_lines": [150], "excluded_lines": [157, 159]}, "MATLABQualityChecker._analyze_matlab_file": {"executed_lines": [169, 171, 172, 173, 175, 176, 178, 179, 180, 183, 185, 186, 192, 193, 200, 207, 208, 210, 216, 223, 236], "summary": {"covered_lines": 21, "num_statements": 24, "percent_covered": 87.5, "percent_covered_display": "88", "missing_lines": 3, "excluded_lines": 0, "percent_statements_covered": 87.5, "percent_statements_covered_display": "88"}, "missing_lines": [181, 231, 232], "excluded_lines": []}, "MATLABQualityChecker._track_nesting": {"executed_lines": [245, 250, 251, 252, 254, 255, 256, 257, 258, 260], "summary": {"covered_lines": 10, "num_statements": 10, "percent_covered": 100.0, "percent_covered_display": "100", "missing_lines": 0, "excluded_lines": 0, "percent_statements_covered": 100.0, "percent_statements_covered_display": "100"}, "missing_lines": [], "excluded_lines": []}, "MATLABQualityChecker._check_function_definition": {"executed_lines": [270, 271, 272, 276, 277, 278, 279, 280, 281, 282, 283, 284, 285, 287, 288, 292, 293, 294, 295, 296, 297, 298, 299, 301, 302], "summary": {"covered_lines": 25, "num_statements": 25, "percent_covered": 100.0, "percent_covered_display": "100", "missing_lines": 0, "excluded_lines": 0, "percent_statements_covered": 100.0, "percent_statements_covered_display": "100"}, "missing_lines": [], "excluded_lines": []}, "MATLABQualityChecker._check_banned_patterns": {"executed_lines": [315, 316, 317, 318, 329, 330, 331], "summary": {"covered_lines": 7, "num_statements": 7, "percent_covered": 100.0, "percent_covered_display": "100", "missing_lines": 0, "excluded_lines": 0, "percent_statements_covered": 100.0, "percent_statements_covered_display": "100"}, "missing_lines": [], "excluded_lines": []}, "MATLABQualityChecker._check_anti_patterns": {"executed_lines": [343, 365, 366, 367, 371, 374], "summary": {"covered_lines": 5, "num_statements": 5, "percent_covered": 100.0, "percent_covered_display": "100", "missing_lines": 0, "excluded_lines": 1, "percent_statements_covered": 100.0, "percent_statements_covered_display": "100"}, "missing_lines": [], "excluded_lines": [343]}, "MATLABQualityChecker._check_magic_numbers": {"executed_lines": [432, 433, 435, 436, 437, 443, 444, 445, 446, 447], "summary": {"covered_lines": 10, "num_statements": 10, "percent_covered": 100.0, "percent_covered_display": "100", "missing_lines": 0, "excluded_lines": 0, "percent_statements_covered": 100.0, "percent_statements_covered_display": "100"}, "missing_lines": [], "excluded_lines": []}, "MATLABQualityChecker._check_workspace_pollution": {"executed_lines": [462, 463, 464, 465, 466, 468, 473, 477, 478, 481, 482, 485, 486, 489, 490], "summary": {"covered_lines": 15, "num_statements": 15, "percent_covered": 100.0, "percent_covered_display": "100", "missing_lines": 0, "excluded_lines": 0, "percent_statements_covered": 100.0, "percent_statements_covered_display": "100"}, "missing_lines": [], "excluded_lines": []}, "MATLABQualityChecker.run_all_checks": {"executed_lines": [496, 498, 499, 500, 501, 503, 505, 512, 513, 514, 519, 520, 525], "summary": {"covered_lines": 8, "num_statements": 10, "percent_covered": 80.0, "percent_covered_display": "80", "missing_lines": 2, "excluded_lines": 6, "percent_statements_covered": 80.0, "percent_statements_covered_display": "80"}, "missing_lines": [507, 510], "excluded_lines": [499, 500, 506, 513, 514, 519]}, "run_matlab_quality_checks_cli": {"executed_lines": [], "summary": {"covered_lines": 0, "num_statements": 24, "percent_covered": 0.0, "percent_covered_display": "0", "missing_lines": 24, "excluded_lines": 3, "percent_statements_covered": 0.0, "percent_statements_covered_display": "0"}, "missing_lines": [530, 531, 532, 538, 545, 547, 548, 550, 551, 553, 554, 556, 557, 558, 559, 560, 564, 566, 567, 568, 569, 571, 574, 582], "excluded_lines": [561, 573, 576]}, "": {"executed_lines": [1, 3, 4, 5, 6, 7, 8, 9, 10, 11, 13, 16, 19, 23, 26, 27, 30, 31, 33, 51, 70, 90, 141, 167, 238, 239, 262, 263, 307, 308, 335, 380, 410, 423, 453, 454, 494, 528], "summary": {"covered_lines": 36, "num_statements": 36, "percent_covered": 100.0, "percent_covered_display": "100", "missing_lines": 0, "excluded_lines": 0, "percent_statements_covered": 100.0, "percent_statements_covered_display": "100"}, "missing_lines": [], "excluded_lines": []}}, "classes": {"MATLABQualityChecker": {"executed_lines": [35, 36, 40, 41, 42, 53, 54, 58, 60, 61, 63, 64, 65, 67, 68, 72, 73, 74, 75, 78, 143, 145, 146, 148, 149, 151, 152, 153, 155, 156, 157, 159, 169, 171, 172, 173, 175, 176, 178, 179, 180, 183, 185, 186, 192, 193, 200, 207, 208, 210, 216, 223, 236, 245, 250, 251, 252, 254, 255, 256, 257, 258, 260, 270, 271, 272, 276, 277, 278, 279, 280, 281, 282, 283, 284, 285, 287, 288, 292, 293, 294, 295, 296, 297, 298, 299, 301, 302, 315, 316, 317, 318, 329, 330, 331, 343, 365, 366, 367, 371, 374, 432, 433, 435, 436, 437, 443, 444, 445, 446, 447, 462, 463, 464, 465, 466, 468, 473, 477, 478, 481, 482, 485, 486, 489, 490, 496, 498, 499, 500, 501, 503, 505, 512, 513, 514, 519, 520, 525], "summary": {"covered_lines": 130, "num_statements": 161, "percent_covered": 80.74534161490683, "percent_covered_display": "81", "missing_lines": 31, "excluded_lines": 11, "percent_statements_covered": 80.74534161490683, "percent_statements_covered_display": "81"}, "missing_lines": [80, 81, 82, 83, 84, 86, 87, 88, 92, 93, 105, 106, 107, 108, 117, 118, 125, 129, 131, 132, 134, 135, 137, 138, 139, 150, 181, 231, 232, 507, 510], "excluded_lines": [42, 119, 157, 159, 343, 499, 500, 506, 513, 514, 519]}, "": {"executed_lines": [1, 3, 4, 5, 6, 7, 8, 9, 10, 11, 13, 16, 19, 23, 26, 27, 30, 31, 33, 51, 70, 90, 141, 167, 238, 239, 262, 263, 307, 308, 335, 380, 410, 423, 453, 454, 494, 528], "summary": {"covered_lines": 36, "num_statements": 60, "percent_covered": 60.0, "percent_covered_display": "60", "missing_lines": 24, "excluded_lines": 3, "percent_statements_covered": 60.0, "percent_statements_covered_display": "60"}, "missing_lines": [530, 531, 532, 538, 545, 547, 548, 550, 551, 553, 554, 556, 557, 558, 559, 560, 564, 566, 567, 568, 569, 571, 574, 582], "excluded_lines": [561, 573, 576]}}}, "src\\tools\\quality_utils.py": {"executed_lines": [1, 3, 4, 5, 6, 7, 9, 13, 14, 24, 25, 26, 27, 28, 29, 30, 31, 35, 57, 75, 82, 84, 85, 86, 87, 89, 90, 94, 95, 96, 97, 98, 99, 100, 104, 121, 123, 125, 146, 149, 154, 155, 156, 158, 164, 165, 167, 169, 171, 174, 176, 177, 180, 192, 195, 197, 198, 199, 200, 201, 202, 203, 205, 206, 208, 213, 218, 219, 220, 221, 222, 223, 224, 229, 230, 232, 233, 234, 235, 237, 239, 242, 244, 245, 246, 247, 253, 254, 256, 257, 258, 259, 260, 261, 264, 266, 267, 268, 269, 270, 271, 274, 275, 276, 279, 281, 282, 283, 284, 285, 286, 288, 289, 290, 291, 295], "summary": {"covered_lines": 98, "num_statements": 119, "percent_covered": 82.3529411764706, "percent_covered_display": "82", "missing_lines": 21, "excluded_lines": 41, "percent_statements_covered": 82.3529411764706, "percent_statements_covered_display": "82"}, "missing_lines": [15, 16, 17, 18, 19, 20, 21, 22, 175, 209, 210, 211, 214, 215, 216, 225, 226, 227, 231, 292, 293], "excluded_lines": [57, 82, 83, 84, 85, 86, 87, 88, 89, 90, 91, 92, 93, 94, 95, 96, 97, 98, 99, 100, 101, 102, 103, 104, 105, 106, 107, 108, 109, 110, 111, 112, 113, 114, 115, 116, 117, 118, 179, 180, 184], "functions": {"is_legitimate_pass_context": {"executed_lines": [84, 85, 86, 87, 89, 90, 94, 95, 96, 97, 98, 99, 100, 104], "summary": {"covered_lines": 0, "num_statements": 0, "percent_covered": 100.0, "percent_covered_display": "100", "missing_lines": 0, "excluded_lines": 36, "percent_statements_covered": 100.0, "percent_statements_covered_display": "100"}, "missing_lines": [], "excluded_lines": [83, 84, 85, 86, 87, 88, 89, 90, 91, 92, 93, 94, 95, 96, 97, 98, 99, 100, 101, 102, 103, 104, 105, 106, 107, 108, 109, 110, 111, 112, 113, 114, 115, 116, 117, 118]}, "is_legitimate_tkinter_binding": {"executed_lines": [123, 125, 146], "summary": {"covered_lines": 3, "num_statements": 3, "percent_covered": 100.0, "percent_covered_display": "100", "missing_lines": 0, "excluded_lines": 0, "percent_statements_covered": 100.0, "percent_statements_covered_display": "100"}, "missing_lines": [], "excluded_lines": []}, "check_banned_patterns": {"executed_lines": [154, 155, 156, 158, 164, 165, 167, 169, 171, 174, 176, 177, 180, 192], "summary": {"covered_lines": 13, "num_statements": 14, "percent_covered": 92.85714285714286, "percent_covered_display": "93", "missing_lines": 1, "excluded_lines": 3, "percent_statements_covered": 92.85714285714286, "percent_statements_covered_display": "93"}, "missing_lines": [175], "excluded_lines": [179, 180, 184]}, "strip_comments_from_line": {"executed_lines": [197, 198, 199, 200, 201, 202, 203, 205, 206, 208, 213, 218, 219, 220, 221, 222, 223, 224, 229, 230, 232, 233, 234, 235, 237, 239], "summary": {"covered_lines": 26, "num_statements": 36, "percent_covered": 72.22222222222223, "percent_covered_display": "72", "missing_lines": 10, "excluded_lines": 0, "percent_statements_covered": 72.22222222222223, "percent_statements_covered_display": "72"}, "missing_lines": [209, 210, 211, 214, 215, 216, 225, 226, 227, 231], "excluded_lines": []}, "check_magic_numbers": {"executed_lines": [244, 245, 246, 247, 253, 254, 256, 257, 258, 259, 260, 261], "summary": {"covered_lines": 12, "num_statements": 12, "percent_covered": 100.0, "percent_covered_display": "100", "missing_lines": 0, "excluded_lines": 0, "percent_statements_covered": 100.0, "percent_statements_covered_display": "100"}, "missing_lines": [], "excluded_lines": []}, "check_ast_issues": {"executed_lines": [266, 267, 268, 269, 270, 271, 274, 275, 276], "summary": {"covered_lines": 9, "num_statements": 9, "percent_covered": 100.0, "percent_covered_display": "100", "missing_lines": 0, "excluded_lines": 0, "percent_statements_covered": 100.0, "percent_statements_covered_display": "100"}, "missing_lines": [], "excluded_lines": []}, "check_file": {"executed_lines": [281, 282, 283, 284, 285, 286, 288, 289, 290, 291, 295], "summary": {"covered_lines": 11, "num_statements": 13, "percent_covered": 84.61538461538461, "percent_covered_display": "85", "missing_lines": 2, "excluded_lines": 0, "percent_statements_covered": 84.61538461538461, "percent_statements_covered_display": "85"}, "missing_lines": [292, 293], "excluded_lines": []}, "": {"executed_lines": [1, 3, 4, 5, 6, 7, 9, 13, 14, 24, 25, 26, 27, 28, 29, 30, 31, 35, 57, 75, 82, 121, 149, 195, 242, 264, 279], "summary": {"covered_lines": 24, "num_statements": 32, "percent_covered": 75.0, "percent_covered_display": "75", "missing_lines": 8, "excluded_lines": 2, "percent_statements_covered": 75.0, "percent_statements_covered_display": "75"}, "missing_lines": [15, 16, 17, 18, 19, 20, 21, 22], "excluded_lines": [57, 82]}}, "classes": {"Colors": {"executed_lines": [], "summary": {"covered_lines": 0, "num_statements": 0, "percent_covered": 100.0, "percent_covered_display": "100", "missing_lines": 0, "excluded_lines": 0, "percent_statements_covered": 100.0, "percent_statements_covered_display": "100"}, "missing_lines": [], "excluded_lines": []}, "": {"executed_lines": [1, 3, 4, 5, 6, 7, 9, 13, 14, 24, 25, 26, 27, 28, 29, 30, 31, 35, 57, 75, 82, 84, 85, 86, 87, 89, 90, 94, 95, 96, 97, 98, 99, 100, 104, 121, 123, 125, 146, 149, 154, 155, 156, 158, 164, 165, 167, 169, 171, 174, 176, 177, 180, 192, 195, 197, 198, 199, 200, 201, 202, 203, 205, 206, 208, 213, 218, 219, 220, 221, 222, 223, 224, 229, 230, 232, 233, 234, 235, 237, 239, 242, 244, 245, 246, 247, 253, 254, 256, 257, 258, 259, 260, 261, 264, 266, 267, 268, 269, 270, 271, 274, 275, 276, 279, 281, 282, 283, 284, 285, 286, 288, 289, 290, 291, 295], "summary": {"covered_lines": 98, "num_statements": 119, "percent_covered": 82.3529411764706, "percent_covered_display": "82", "missing_lines": 21, "excluded_lines": 41, "percent_statements_covered": 82.3529411764706, "percent_statements_covered_display": "82"}, "missing_lines": [15, 16, 17, 18, 19, 20, 21, 22, 175, 209, 210, 211, 214, 215, 216, 225, 226, 227, 231, 292, 293], "excluded_lines": [57, 82, 83, 84, 85, 86, 87, 88, 89, 90, 91, 92, 93, 94, 95, 96, 97, 98, 99, 100, 101, 102, 103, 104, 105, 106, 107, 108, 109, 110, 111, 112, 113, 114, 115, 116, 117, 118, 179, 180, 184]}}}, "src\\tools\\scientific_auditor.py": {"executed_lines": [1, 8, 9, 10, 11, 12, 14, 16, 19, 20, 21, 22, 24, 26, 29, 36, 38, 40, 48, 59, 62, 64, 65, 66, 67, 69, 70, 71, 72, 73, 75, 76, 77, 80, 82, 83, 84, 86, 87, 88, 89, 90, 92, 93, 94, 96, 99, 111], "summary": {"covered_lines": 46, "num_statements": 53, "percent_covered": 86.79245283018868, "percent_covered_display": "87", "missing_lines": 7, "excluded_lines": 2, "percent_statements_covered": 86.79245283018868, "percent_statements_covered_display": "87"}, "missing_lines": [74, 101, 102, 104, 105, 106, 108], "excluded_lines": [111, 112], "functions": {"ScienceAuditor.__init__": {"executed_lines": [21, 22], "summary": {"covered_lines": 2, "num_statements": 2, "percent_covered": 100.0, "percent_covered_display": "100", "missing_lines": 0, "excluded_lines": 0, "percent_statements_covered": 100.0, "percent_statements_covered_display": "100"}, "missing_lines": [], "excluded_lines": []}, "ScienceAuditor.visit_BinOp": {"executed_lines": [26, 29, 36], "summary": {"covered_lines": 3, "num_statements": 3, "percent_covered": 100.0, "percent_covered_display": "100", "missing_lines": 0, "excluded_lines": 0, "percent_statements_covered": 100.0, "percent_statements_covered_display": "100"}, "missing_lines": [], "excluded_lines": []}, "ScienceAuditor.visit_Call": {"executed_lines": [40, 48, 59], "summary": {"covered_lines": 3, "num_statements": 3, "percent_covered": 100.0, "percent_covered_display": "100", "missing_lines": 0, "excluded_lines": 0, "percent_statements_covered": 100.0, "percent_statements_covered_display": "100"}, "missing_lines": [], "excluded_lines": []}, "audit_file": {"executed_lines": [64, 65, 66, 67, 69, 70, 71, 72, 73, 75, 76, 77], "summary": {"covered_lines": 12, "num_statements": 13, "percent_covered": 92.3076923076923, "percent_covered_display": "92", "missing_lines": 1, "excluded_lines": 0, "percent_statements_covered": 92.3076923076923, "percent_statements_covered_display": "92"}, "missing_lines": [74], "excluded_lines": []}, "audit_directory": {"executed_lines": [82, 83, 84, 86, 87, 88, 89, 90, 92, 93, 94, 96], "summary": {"covered_lines": 12, "num_statements": 12, "percent_covered": 100.0, "percent_covered_display": "100", "missing_lines": 0, "excluded_lines": 0, "percent_statements_covered": 100.0, "percent_statements_covered_display": "100"}, "missing_lines": [], "excluded_lines": []}, "main": {"executed_lines": [], "summary": {"covered_lines": 0, "num_statements": 6, "percent_covered": 0.0, "percent_covered_display": "0", "missing_lines": 6, "excluded_lines": 0, "percent_statements_covered": 0.0, "percent_statements_covered_display": "0"}, "missing_lines": [101, 102, 104, 105, 106, 108], "excluded_lines": []}, "": {"executed_lines": [1, 8, 9, 10, 11, 12, 14, 16, 19, 20, 24, 38, 62, 80, 99, 111], "summary": {"covered_lines": 14, "num_statements": 14, "percent_covered": 100.0, "percent_covered_display": "100", "missing_lines": 0, "excluded_lines": 2, "percent_statements_covered": 100.0, "percent_statements_covered_display": "100"}, "missing_lines": [], "excluded_lines": [111, 112]}}, "classes": {"ScienceAuditor": {"executed_lines": [21, 22, 26, 29, 36, 40, 48, 59], "summary": {"covered_lines": 8, "num_statements": 8, "percent_covered": 100.0, "percent_covered_display": "100", "missing_lines": 0, "excluded_lines": 0, "percent_statements_covered": 100.0, "percent_statements_covered_display": "100"}, "missing_lines": [], "excluded_lines": []}, "": {"executed_lines": [1, 8, 9, 10, 11, 12, 14, 16, 19, 20, 24, 38, 62, 64, 65, 66, 67, 69, 70, 71, 72, 73, 75, 76, 77, 80, 82, 83, 84, 86, 87, 88, 89, 90, 92, 93, 94, 96, 99, 111], "summary": {"covered_lines": 38, "num_statements": 45, "percent_covered": 84.44444444444444, "percent_covered_display": "84", "missing_lines": 7, "excluded_lines": 2, "percent_statements_covered": 84.44444444444444, "percent_statements_covered_display": "84"}, "missing_lines": [74, 101, 102, 104, 105, 106, 108], "excluded_lines": [111, 112]}}}, "src\\tools\\ui_utils.py": {"executed_lines": [1, 3, 4, 5, 7, 8, 18, 21, 23, 25, 27, 29, 35, 36, 37, 39, 42, 52, 53, 54, 56, 58, 59, 60, 61, 62, 65, 75, 76, 77, 79, 80, 82, 83, 84, 85, 86], "summary": {"covered_lines": 36, "num_statements": 42, "percent_covered": 85.71428571428571, "percent_covered_display": "86", "missing_lines": 6, "excluded_lines": 0, "percent_statements_covered": 85.71428571428571, "percent_statements_covered_display": "86"}, "missing_lines": [9, 10, 11, 12, 14, 15], "excluded_lines": [], "functions": {"find_icon": {"executed_lines": [23, 25, 27, 29, 35, 36, 37, 39], "summary": {"covered_lines": 8, "num_statements": 8, "percent_covered": 100.0, "percent_covered_display": "100", "missing_lines": 0, "excluded_lines": 0, "percent_statements_covered": 100.0, "percent_statements_covered_display": "100"}, "missing_lines": [], "excluded_lines": []}, "set_tk_icon": {"executed_lines": [52, 53, 54, 56, 58, 59, 60, 61, 62], "summary": {"covered_lines": 9, "num_statements": 9, "percent_covered": 100.0, "percent_covered_display": "100", "missing_lines": 0, "excluded_lines": 0, "percent_statements_covered": 100.0, "percent_statements_covered_display": "100"}, "missing_lines": [], "excluded_lines": []}, "set_qt_icon": {"executed_lines": [75, 76, 77, 79, 80, 82, 83, 84, 85, 86], "summary": {"covered_lines": 10, "num_statements": 10, "percent_covered": 100.0, "percent_covered_display": "100", "missing_lines": 0, "excluded_lines": 0, "percent_statements_covered": 100.0, "percent_statements_covered_display": "100"}, "missing_lines": [], "excluded_lines": []}, "": {"executed_lines": [1, 3, 4, 5, 7, 8, 18, 21, 42, 65], "summary": {"covered_lines": 9, "num_statements": 15, "percent_covered": 60.0, "percent_covered_display": "60", "missing_lines": 6, "excluded_lines": 0, "percent_statements_covered": 60.0, "percent_statements_covered_display": "60"}, "missing_lines": [9, 10, 11, 12, 14, 15], "excluded_lines": []}}, "classes": {"": {"executed_lines": [1, 3, 4, 5, 7, 8, 18, 21, 23, 25, 27, 29, 35, 36, 37, 39, 42, 52, 53, 54, 56, 58, 59, 60, 61, 62, 65, 75, 76, 77, 79, 80, 82, 83, 84, 85, 86], "summary": {"covered_lines": 36, "num_statements": 42, "percent_covered": 85.71428571428571, "percent_covered_display": "86", "missing_lines": 6, "excluded_lines": 0, "percent_statements_covered": 85.71428571428571, "percent_statements_covered_display": "86"}, "missing_lines": [9, 10, 11, 12, 14, 15], "excluded_lines": []}}}}, "totals": {"covered_lines": 673, "num_statements": 869, "percent_covered": 77.44533947065592, "percent_covered_display": "77", "missing_lines": 196, "excluded_lines": 59, "percent_statements_covered": 77.44533947065592, "percent_statements_covered_display": "77"}}